<?xml version="1.0" encoding="UTF-8"?>
<!-- Generated by org.testng.reporters.JUnitReportReporter -->
<testsuite hostname="DESKTOP-903RSHQ" failures="0" tests="1" name="PriceCalculationTest" time="2.888" errors="0" timestamp="2021-11-30T13:54:21 CET" skipped="0">
  <testcase classname="PriceCalculationTest" name="ViteAppTest" time="2.888"/>
  <system-out/>
</testsuite> <!-- PriceCalculationTest -->
